Performing C SOURCE FILE Test LIBOMP_HAVE_WNO_FORMAT_PEDANTIC_FLAG failed with the following output:
Change Dir: /Users/i043877/area51/GOP/openmp/runtime/build/CMakeFiles/CMakeTmp

Run Build Command:"/usr/bin/make" "cmTC_8d920/fast"
/Applications/Xcode.app/Contents/Developer/usr/bin/make -f CMakeFiles/cmTC_8d920.dir/build.make CMakeFiles/cmTC_8d920.dir/build
Building C object CMakeFiles/cmTC_8d920.dir/src.c.o
/usr/bin/clang   -DLIBOMP_HAVE_WNO_FORMAT_PEDANTIC_FLAG   -Wformat-pedantic -o CMakeFiles/cmTC_8d920.dir/src.c.o   -c /Users/i043877/area51/GOP/openmp/runtime/build/CMakeFiles/CMakeTmp/src.c
warning: unknown warning option '-Wformat-pedantic' [-Wunknown-warning-option]
1 warning generated.
Linking C executable cmTC_8d920
/usr/local/Cellar/cmake/3.3.1/bin/cmake -E cmake_link_script CMakeFiles/cmTC_8d920.dir/link.txt --verbose=1
/usr/bin/clang   -DLIBOMP_HAVE_WNO_FORMAT_PEDANTIC_FLAG -Wl,-search_paths_first -Wl,-headerpad_max_install_names   CMakeFiles/cmTC_8d920.dir/src.c.o  -o cmTC_8d920  

Source file was:
int main(void) { return 0; }
Performing C SOURCE FILE Test LIBOMP_HAVE_MMIC_FLAG failed with the following output:
Change Dir: /Users/i043877/area51/GOP/openmp/runtime/build/CMakeFiles/CMakeTmp

Run Build Command:"/usr/bin/make" "cmTC_ca056/fast"
/Applications/Xcode.app/Contents/Developer/usr/bin/make -f CMakeFiles/cmTC_ca056.dir/build.make CMakeFiles/cmTC_ca056.dir/build
Building C object CMakeFiles/cmTC_ca056.dir/src.c.o
/usr/bin/clang   -DLIBOMP_HAVE_MMIC_FLAG -mmic   -mmic -o CMakeFiles/cmTC_ca056.dir/src.c.o   -c /Users/i043877/area51/GOP/openmp/runtime/build/CMakeFiles/CMakeTmp/src.c
clang: error: unknown argument: '-mmic'
clang: error: unknown argument: '-mmic'
make[1]: *** [CMakeFiles/cmTC_ca056.dir/src.c.o] Error 1
make: *** [cmTC_ca056/fast] Error 2

Source file was:
int main(void) { return 0; }
Performing C SOURCE FILE Test LIBOMP_HAVE_VERSION_SYMBOLS failed with the following output:
Change Dir: /Users/i043877/area51/GOP/openmp/runtime/build/CMakeFiles/CMakeTmp

Run Build Command:"/usr/bin/make" "cmTC_d4cc1/fast"
/Applications/Xcode.app/Contents/Developer/usr/bin/make -f CMakeFiles/cmTC_d4cc1.dir/build.make CMakeFiles/cmTC_d4cc1.dir/build
Building C object CMakeFiles/cmTC_d4cc1.dir/src.c.o
/usr/bin/clang   -DLIBOMP_HAVE_VERSION_SYMBOLS -Wl,--version-script=/Users/i043877/area51/GOP/openmp/runtime/build/runtime/__version_script.txt   -o CMakeFiles/cmTC_d4cc1.dir/src.c.o   -c /Users/i043877/area51/GOP/openmp/runtime/build/CMakeFiles/CMakeTmp/src.c
clang: warning: -Wl,--version-script=/Users/i043877/area51/GOP/openmp/runtime/build/runtime/__version_script.txt: 'linker' input unused
<inline asm>:1:1: error: unknown directive
.symver func1, func@VER1
^
<inline asm>:2:1: error: unknown directive
.symver func2, func@VER2
^
2 errors generated.
make[1]: *** [CMakeFiles/cmTC_d4cc1.dir/src.c.o] Error 1
make: *** [cmTC_d4cc1/fast] Error 2

Source file was:
#include <stdio.h>
    void func1() { printf("Hello"); }
    void func2() { printf("World"); }
    __asm__(".symver func1, func@VER1");
    __asm__(".symver func2, func@VER2");
    int main() {
      func1();
      func2();
      return 0;
    }
Determining if files windows.h;psapi.h exist failed with the following output:
Change Dir: /Users/i043877/area51/GOP/openmp/runtime/build/CMakeFiles/CMakeTmp

Run Build Command:"/usr/bin/make" "cmTC_32aa7/fast"
/Applications/Xcode.app/Contents/Developer/usr/bin/make -f CMakeFiles/cmTC_32aa7.dir/build.make CMakeFiles/cmTC_32aa7.dir/build
Building C object CMakeFiles/cmTC_32aa7.dir/CheckIncludeFiles.c.o
/usr/bin/clang    -o CMakeFiles/cmTC_32aa7.dir/CheckIncludeFiles.c.o   -c /Users/i043877/area51/GOP/openmp/runtime/build/CMakeFiles/CMakeTmp/CheckIncludeFiles.c
/Users/i043877/area51/GOP/openmp/runtime/build/CMakeFiles/CMakeTmp/CheckIncludeFiles.c:2:10: fatal error: 'windows.h' file not found
#include <windows.h>
         ^
1 error generated.
make[1]: *** [CMakeFiles/cmTC_32aa7.dir/CheckIncludeFiles.c.o] Error 1
make: *** [cmTC_32aa7/fast] Error 2

Source:
/* */
#include <windows.h>
#include <psapi.h>


int main(void){return 0;}

Determining if the function EnumProcessModules exists in the psapi failed with the following output:
Change Dir: /Users/i043877/area51/GOP/openmp/runtime/build/CMakeFiles/CMakeTmp

Run Build Command:"/usr/bin/make" "cmTC_961d7/fast"
/Applications/Xcode.app/Contents/Developer/usr/bin/make -f CMakeFiles/cmTC_961d7.dir/build.make CMakeFiles/cmTC_961d7.dir/build
Building C object CMakeFiles/cmTC_961d7.dir/CheckFunctionExists.c.o
/usr/bin/clang   -DCHECK_FUNCTION_EXISTS=EnumProcessModules   -o CMakeFiles/cmTC_961d7.dir/CheckFunctionExists.c.o   -c /usr/local/Cellar/cmake/3.3.1/share/cmake/Modules/CheckFunctionExists.c
Linking C executable cmTC_961d7
/usr/local/Cellar/cmake/3.3.1/bin/cmake -E cmake_link_script CMakeFiles/cmTC_961d7.dir/link.txt --verbose=1
/usr/bin/clang   -DCHECK_FUNCTION_EXISTS=EnumProcessModules -Wl,-search_paths_first -Wl,-headerpad_max_install_names   CMakeFiles/cmTC_961d7.dir/CheckFunctionExists.c.o  -o cmTC_961d7  -lpsapi 
ld: library not found for -lpsapi
clang: error: linker command failed with exit code 1 (use -v to see invocation)
make[1]: *** [cmTC_961d7] Error 1
make: *** [cmTC_961d7/fast] Error 2


